# JRE version: OpenJDK Runtime Environment (17.0.6) (build 17.0.6+0-b2043.56-10027231)
# Java VM: OpenJDK 64-Bit Server VM (17.0.6+0-b2043.56-10027231, mixed mode, tiered, compressed oops, compressed class ptrs, g1 gc, windows-amd64)
GC Precious Log:
 CPUs: 16 total, 16 available
 Memory: 15713M
 Large Page Support: Disabled
 NUMA Support: Disabled
 Compressed Oops: Enabled (32-bit)
 Heap Region Size: 1M
 Heap Min Capacity: 8M
 Heap Initial Capacity: 246M
 Heap Max Capacity: 2G
 Pre-touch: Disabled
 Parallel Workers: 13
 Concurrent Workers: 3
 Concurrent Refinement Workers: 13
 Periodic GC: Disabled
Heap:
 garbage-first heap   total 268288K, used 126611K [0x0000000080000000, 0x0000000100000000)
  region size 1024K, 9 young (9216K), 9 survivors (9216K)
 Metaspace       used 130849K, committed 132224K, reserved 1163264K
  class space    used 18341K, committed 18944K, reserved 1048576K
GC Heap History (20 events):
Event: 1332.532 GC heap after
{Heap after GC invocations=48 (full 0):
 garbage-first heap   total 250880K, used 116281K [0x0000000080000000, 0x0000000100000000)
  region size 1024K, 1 young (1024K), 1 survivors (1024K)
 Metaspace       used 127418K, committed 128384K, reserved 1163264K
  class space    used 18082K, committed 18560K, reserved 1048576K
}
Event: 1334.276 GC heap before
{Heap before GC invocations=48 (full 0):
 garbage-first heap   total 250880K, used 204345K [0x0000000080000000, 0x0000000100000000)
  region size 1024K, 88 young (90112K), 1 survivors (1024K)
 Metaspace       used 128298K, committed 129280K, reserved 1163264K
  class space    used 18124K, committed 18560K, reserved 1048576K
}
Event: 1334.280 GC heap after
{Heap after GC invocations=49 (full 0):
 garbage-first heap   total 250880K, used 123969K [0x0000000080000000, 0x0000000100000000)
  region size 1024K, 9 young (9216K), 9 survivors (9216K)
 Metaspace       used 128298K, committed 129280K, reserved 1163264K
  class space    used 18124K, committed 18560K, reserved 1048576K
}
Event: 1348.288 GC heap before
{Heap before GC invocations=50 (full 0):
 garbage-first heap   total 250880K, used 225345K [0x0000000080000000, 0x0000000100000000)
  region size 1024K, 87 young (89088K), 9 survivors (9216K)
 Metaspace       used 128679K, committed 129664K, reserved 1163264K
  class space    used 18129K, committed 18624K, reserved 1048576K
}
Event: 1348.295 GC heap after
{Heap after GC invocations=51 (full 0):
 garbage-first heap   total 250880K, used 131512K [0x0000000080000000, 0x0000000100000000)
  region size 1024K, 9 young (9216K), 9 survivors (9216K)
 Metaspace       used 128679K, committed 129664K, reserved 1163264K
  class space    used 18129K, committed 18624K, reserved 1048576K
}
Event: 1348.307 GC heap before
{Heap before GC invocations=51 (full 0):
 garbage-first heap   total 250880K, used 134584K [0x0000000080000000, 0x0000000100000000)
  region size 1024K, 12 young (12288K), 9 survivors (9216K)
 Metaspace       used 128686K, committed 129728K, reserved 1163264K
  class space    used 18129K, committed 18624K, reserved 1048576K
}
Event: 1348.313 GC heap after
{Heap after GC invocations=52 (full 0):
 garbage-first heap   total 250880K, used 124003K [0x0000000080000000, 0x0000000100000000)
  region size 1024K, 2 young (2048K), 2 survivors (2048K)
 Metaspace       used 128686K, committed 129728K, reserved 1163264K
  class space    used 18129K, committed 18624K, reserved 1048576K
}
Event: 1348.421 GC heap before
{Heap before GC invocations=52 (full 0):
 garbage-first heap   total 250880K, used 137315K [0x0000000080000000, 0x0000000100000000)
  region size 1024K, 16 young (16384K), 2 survivors (2048K)
 Metaspace       used 128760K, committed 129792K, reserved 1163264K
  class space    used 18130K, committed 18624K, reserved 1048576K
}
Event: 1348.423 GC heap after
{Heap after GC invocations=53 (full 0):
 garbage-first heap   total 250880K, used 124330K [0x0000000080000000, 0x0000000100000000)
  region size 1024K, 2 young (2048K), 2 survivors (2048K)
 Metaspace       used 128760K, committed 129792K, reserved 1163264K
  class space    used 18130K, committed 18624K, reserved 1048576K
}
Event: 1360.752 GC heap before
{Heap before GC invocations=54 (full 0):
 garbage-first heap   total 268288K, used 253354K [0x0000000080000000, 0x0000000100000000)
  region size 1024K, 73 young (74752K), 2 survivors (2048K)
 Metaspace       used 129042K, committed 130048K, reserved 1163264K
  class space    used 18142K, committed 18624K, reserved 1048576K
}
Event: 1360.758 GC heap after
{Heap after GC invocations=55 (full 0):
 garbage-first heap   total 268288K, used 131898K [0x0000000080000000, 0x0000000100000000)
  region size 1024K, 10 young (10240K), 10 survivors (10240K)
 Metaspace       used 129042K, committed 130048K, reserved 1163264K
  class space    used 18142K, committed 18624K, reserved 1048576K
}
Event: 1360.769 GC heap before
{Heap before GC invocations=55 (full 0):
 garbage-first heap   total 268288K, used 134970K [0x0000000080000000, 0x0000000100000000)
  region size 1024K, 13 young (13312K), 10 survivors (10240K)
 Metaspace       used 129058K, committed 130112K, reserved 1163264K
  class space    used 18142K, committed 18624K, reserved 1048576K
}
Event: 1360.773 GC heap after
{Heap after GC invocations=56 (full 0):
 garbage-first heap   total 268288K, used 124797K [0x0000000080000000, 0x0000000100000000)
  region size 1024K, 2 young (2048K), 2 survivors (2048K)
 Metaspace       used 129058K, committed 130112K, reserved 1163264K
  class space    used 18142K, committed 18624K, reserved 1048576K
}
Event: 1408.958 GC heap before
{Heap before GC invocations=56 (full 0):
 garbage-first heap   total 268288K, used 210813K [0x0000000080000000, 0x0000000100000000)
  region size 1024K, 86 young (88064K), 2 survivors (2048K)
 Metaspace       used 129281K, committed 130304K, reserved 1163264K
  class space    used 18147K, committed 18624K, reserved 1048576K
}
Event: 1408.964 GC heap after
{Heap after GC invocations=57 (full 0):
 garbage-first heap   total 268288K, used 133651K [0x0000000080000000, 0x0000000100000000)
  region size 1024K, 10 young (10240K), 10 survivors (10240K)
 Metaspace       used 129281K, committed 130304K, reserved 1163264K
  class space    used 18147K, committed 18624K, reserved 1048576K
}
Event: 1426.058 GC heap before
{Heap before GC invocations=58 (full 0):
 garbage-first heap   total 268288K, used 234003K [0x0000000080000000, 0x0000000100000000)
  region size 1024K, 88 young (90112K), 10 survivors (10240K)
 Metaspace       used 129806K, committed 130816K, reserved 1163264K
  class space    used 18153K, committed 18624K, reserved 1048576K
}
Event: 1426.062 GC heap after
{Heap after GC invocations=59 (full 0):
 garbage-first heap   total 268288K, used 128302K [0x0000000080000000, 0x0000000100000000)
  region size 1024K, 4 young (4096K), 4 survivors (4096K)
 Metaspace       used 129806K, committed 130816K, reserved 1163264K
  class space    used 18153K, committed 18624K, reserved 1048576K
}
Event: 1426.087 GC heap before
{Heap before GC invocations=59 (full 0):
 garbage-first heap   total 268288K, used 136494K [0x0000000080000000, 0x0000000100000000)
  region size 1024K, 13 young (13312K), 4 survivors (4096K)
 Metaspace       used 129852K, committed 130880K, reserved 1163264K
  class space    used 18163K, committed 18624K, reserved 1048576K
}
Event: 1426.091 GC heap after
{Heap after GC invocations=60 (full 0):
 garbage-first heap   total 268288K, used 118894K [0x0000000080000000, 0x0000000100000000)
  region size 1024K, 1 young (1024K), 1 survivors (1024K)
 Metaspace       used 129852K, committed 130880K, reserved 1163264K
  class space    used 18163K, committed 18624K, reserved 1048576K
}
Event: 1427.700 GC heap before
{Heap before GC invocations=60 (full 0):
 garbage-first heap   total 268288K, used 211054K [0x0000000080000000, 0x0000000100000000)
  region size 1024K, 93 young (95232K), 1 survivors (1024K)
 Metaspace       used 130849K, committed 132224K, reserved 1163264K
  class space    used 18341K, committed 18944K, reserved 1048576K
}

