# JRE version: OpenJDK Runtime Environment (17.0.6) (build 17.0.6+0-b2043.56-10027231)
# Java VM: OpenJDK 64-Bit Server VM (17.0.6+0-b2043.56-10027231, mixed mode, tiered, compressed oops, compressed class ptrs, g1 gc, windows-amd64)
GC Precious Log:
 CPUs: 16 total, 16 available
 Memory: 15713M
 Large Page Support: Disabled
 NUMA Support: Disabled
 Compressed Oops: Enabled (32-bit)
 Heap Region Size: 1M
 Heap Min Capacity: 8M
 Heap Initial Capacity: 246M
 Heap Max Capacity: 2G
 Pre-touch: Disabled
 Parallel Workers: 13
 Concurrent Workers: 3
 Concurrent Refinement Workers: 13
 Periodic GC: Disabled
Heap:
 garbage-first heap   total 149504K, used 80696K [0x0000000080000000, 0x0000000100000000)
  region size 1024K, 1 young (1024K), 1 survivors (1024K)
 Metaspace       used 93150K, committed 93824K, reserved 1130496K
  class space    used 12632K, committed 12928K, reserved 1048576K
GC Heap History (20 events):
Event: 4.648 GC heap after
{Heap after GC invocations=21 (full 0):
 garbage-first heap   total 97280K, used 56059K [0x0000000080000000, 0x0000000100000000)
  region size 1024K, 1 young (1024K), 1 survivors (1024K)
 Metaspace       used 62383K, committed 62848K, reserved 1105920K
  class space    used 8279K, committed 8512K, reserved 1048576K
}
Event: 4.755 GC heap before
{Heap before GC invocations=21 (full 0):
 garbage-first heap   total 97280K, used 65275K [0x0000000080000000, 0x0000000100000000)
  region size 1024K, 11 young (11264K), 1 survivors (1024K)
 Metaspace       used 64343K, committed 64960K, reserved 1105920K
  class space    used 8514K, committed 8832K, reserved 1048576K
}
Event: 4.756 GC heap after
{Heap after GC invocations=22 (full 0):
 garbage-first heap   total 97280K, used 57280K [0x0000000080000000, 0x0000000100000000)
  region size 1024K, 2 young (2048K), 2 survivors (2048K)
 Metaspace       used 64343K, committed 64960K, reserved 1105920K
  class space    used 8514K, committed 8832K, reserved 1048576K
}
Event: 4.893 GC heap before
{Heap before GC invocations=23 (full 0):
 garbage-first heap   total 119808K, used 83904K [0x0000000080000000, 0x0000000100000000)
  region size 1024K, 22 young (22528K), 2 survivors (2048K)
 Metaspace       used 65409K, committed 66048K, reserved 1105920K
  class space    used 8655K, committed 8960K, reserved 1048576K
}
Event: 4.894 GC heap after
{Heap after GC invocations=24 (full 0):
 garbage-first heap   total 119808K, used 59369K [0x0000000080000000, 0x0000000100000000)
  region size 1024K, 3 young (3072K), 3 survivors (3072K)
 Metaspace       used 65409K, committed 66048K, reserved 1105920K
  class space    used 8655K, committed 8960K, reserved 1048576K
}
Event: 4.912 GC heap before
{Heap before GC invocations=24 (full 0):
 garbage-first heap   total 119808K, used 61417K [0x0000000080000000, 0x0000000100000000)
  region size 1024K, 5 young (5120K), 3 survivors (3072K)
 Metaspace       used 65626K, committed 66240K, reserved 1114112K
  class space    used 8685K, committed 8960K, reserved 1048576K
}
Event: 4.914 GC heap after
{Heap after GC invocations=25 (full 0):
 garbage-first heap   total 149504K, used 59332K [0x0000000080000000, 0x0000000100000000)
  region size 1024K, 1 young (1024K), 1 survivors (1024K)
 Metaspace       used 65626K, committed 66240K, reserved 1114112K
  class space    used 8685K, committed 8960K, reserved 1048576K
}
Event: 5.321 GC heap before
{Heap before GC invocations=25 (full 0):
 garbage-first heap   total 149504K, used 103364K [0x0000000080000000, 0x0000000100000000)
  region size 1024K, 44 young (45056K), 1 survivors (1024K)
 Metaspace       used 69869K, committed 70464K, reserved 1114112K
  class space    used 9238K, committed 9536K, reserved 1048576K
}
Event: 5.323 GC heap after
{Heap after GC invocations=26 (full 0):
 garbage-first heap   total 149504K, used 62287K [0x0000000080000000, 0x0000000100000000)
  region size 1024K, 4 young (4096K), 4 survivors (4096K)
 Metaspace       used 69869K, committed 70464K, reserved 1114112K
  class space    used 9238K, committed 9536K, reserved 1048576K
}
Event: 5.721 GC heap before
{Heap before GC invocations=26 (full 0):
 garbage-first heap   total 149504K, used 108367K [0x0000000080000000, 0x0000000100000000)
  region size 1024K, 49 young (50176K), 4 survivors (4096K)
 Metaspace       used 75679K, committed 76352K, reserved 1122304K
  class space    used 9990K, committed 10304K, reserved 1048576K
}
Event: 5.725 GC heap after
{Heap after GC invocations=27 (full 0):
 garbage-first heap   total 149504K, used 65644K [0x0000000080000000, 0x0000000100000000)
  region size 1024K, 7 young (7168K), 7 survivors (7168K)
 Metaspace       used 75679K, committed 76352K, reserved 1122304K
  class space    used 9990K, committed 10304K, reserved 1048576K
}
Event: 6.073 GC heap before
{Heap before GC invocations=27 (full 0):
 garbage-first heap   total 149504K, used 112748K [0x0000000080000000, 0x0000000100000000)
  region size 1024K, 53 young (54272K), 7 survivors (7168K)
 Metaspace       used 78757K, committed 79360K, reserved 1122304K
  class space    used 10423K, committed 10688K, reserved 1048576K
}
Event: 6.079 GC heap after
{Heap after GC invocations=28 (full 0):
 garbage-first heap   total 149504K, used 69479K [0x0000000080000000, 0x0000000100000000)
  region size 1024K, 7 young (7168K), 7 survivors (7168K)
 Metaspace       used 78757K, committed 79360K, reserved 1122304K
  class space    used 10423K, committed 10688K, reserved 1048576K
}
Event: 6.518 GC heap before
{Heap before GC invocations=28 (full 0):
 garbage-first heap   total 149504K, used 115559K [0x0000000080000000, 0x0000000100000000)
  region size 1024K, 52 young (53248K), 7 survivors (7168K)
 Metaspace       used 84050K, committed 84672K, reserved 1130496K
  class space    used 11361K, committed 11648K, reserved 1048576K
}
Event: 6.523 GC heap after
{Heap after GC invocations=29 (full 0):
 garbage-first heap   total 149504K, used 72621K [0x0000000080000000, 0x0000000100000000)
  region size 1024K, 4 young (4096K), 4 survivors (4096K)
 Metaspace       used 84050K, committed 84672K, reserved 1130496K
  class space    used 11361K, committed 11648K, reserved 1048576K
}
Event: 6.987 GC heap before
{Heap before GC invocations=29 (full 0):
 garbage-first heap   total 149504K, used 117677K [0x0000000080000000, 0x0000000100000000)
  region size 1024K, 48 young (49152K), 4 survivors (4096K)
 Metaspace       used 88948K, committed 89536K, reserved 1130496K
  class space    used 12083K, committed 12352K, reserved 1048576K
}
Event: 6.991 GC heap after
{Heap after GC invocations=30 (full 0):
 garbage-first heap   total 149504K, used 76219K [0x0000000080000000, 0x0000000100000000)
  region size 1024K, 6 young (6144K), 6 survivors (6144K)
 Metaspace       used 88948K, committed 89536K, reserved 1130496K
  class space    used 12083K, committed 12352K, reserved 1048576K
}
Event: 7.400 GC heap before
{Heap before GC invocations=31 (full 0):
 garbage-first heap   total 149504K, used 119227K [0x0000000080000000, 0x0000000100000000)
  region size 1024K, 48 young (49152K), 6 survivors (6144K)
 Metaspace       used 93134K, committed 93760K, reserved 1130496K
  class space    used 12630K, committed 12928K, reserved 1048576K
}
Event: 7.406 GC heap after
{Heap after GC invocations=32 (full 0):
 garbage-first heap   total 149504K, used 80994K [0x0000000080000000, 0x0000000100000000)
  region size 1024K, 5 young (5120K), 5 survivors (5120K)
 Metaspace       used 93134K, committed 93760K, reserved 1130496K
  class space    used 12630K, committed 12928K, reserved 1048576K
}
Event: 7.417 GC heap before
{Heap before GC invocations=32 (full 0):
 garbage-first heap   total 149504K, used 83042K [0x0000000080000000, 0x0000000100000000)
  region size 1024K, 7 young (7168K), 5 survivors (5120K)
 Metaspace       used 93150K, committed 93824K, reserved 1130496K
  class space    used 12632K, committed 12928K, reserved 1048576K
}

