# JRE version: OpenJDK Runtime Environment (17.0.6) (build 17.0.6+0-b2043.56-10027231)
# Java VM: OpenJDK 64-Bit Server VM (17.0.6+0-b2043.56-10027231, mixed mode, tiered, compressed oops, compressed class ptrs, g1 gc, windows-amd64)
GC Precious Log:
 CPUs: 16 total, 16 available
 Memory: 15713M
 Large Page Support: Disabled
 NUMA Support: Disabled
 Compressed Oops: Enabled (32-bit)
 Heap Region Size: 1M
 Heap Min Capacity: 8M
 Heap Initial Capacity: 246M
 Heap Max Capacity: 2G
 Pre-touch: Disabled
 Parallel Workers: 13
 Concurrent Workers: 3
 Concurrent Refinement Workers: 13
 Periodic GC: Disabled
Heap:
 garbage-first heap   total 283648K, used 153511K [0x0000000080000000, 0x0000000100000000)
  region size 1024K, 2 young (2048K), 1 survivors (1024K)
 Metaspace       used 151321K, committed 152832K, reserved 1187840K
  class space    used 20973K, committed 21696K, reserved 1048576K
GC Heap History (20 events):
Event: 3628.246 GC heap before
{Heap before GC invocations=116 (full 0):
 garbage-first heap   total 1124352K, used 533580K [0x0000000080000000, 0x0000000100000000)
  region size 1024K, 129 young (132096K), 35 survivors (35840K)
 Metaspace       used 149168K, committed 150208K, reserved 1179648K
  class space    used 20707K, committed 21184K, reserved 1048576K
}
Event: 3628.388 GC heap after
{Heap after GC invocations=117 (full 1):
 garbage-first heap   total 283648K, used 80368K [0x0000000080000000, 0x0000000100000000)
  region size 1024K, 0 young (0K), 0 survivors (0K)
 Metaspace       used 148563K, committed 150208K, reserved 1179648K
  class space    used 20573K, committed 21184K, reserved 1048576K
}
Event: 4203.280 GC heap before
{Heap before GC invocations=117 (full 1):
 garbage-first heap   total 283648K, used 200176K [0x0000000080000000, 0x0000000100000000)
  region size 1024K, 118 young (120832K), 0 survivors (0K)
 Metaspace       used 149075K, committed 150272K, reserved 1179648K
  class space    used 20638K, committed 21184K, reserved 1048576K
}
Event: 4203.286 GC heap after
{Heap after GC invocations=118 (full 1):
 garbage-first heap   total 283648K, used 93680K [0x0000000080000000, 0x0000000100000000)
  region size 1024K, 13 young (13312K), 13 survivors (13312K)
 Metaspace       used 149075K, committed 150272K, reserved 1179648K
  class space    used 20638K, committed 21184K, reserved 1048576K
}
Event: 4205.252 GC heap before
{Heap before GC invocations=119 (full 1):
 garbage-first heap   total 283648K, used 206320K [0x0000000080000000, 0x0000000100000000)
  region size 1024K, 124 young (126976K), 13 survivors (13312K)
 Metaspace       used 149360K, committed 150464K, reserved 1179648K
  class space    used 20671K, committed 21248K, reserved 1048576K
}
Event: 4205.261 GC heap after
{Heap after GC invocations=120 (full 1):
 garbage-first heap   total 283648K, used 97668K [0x0000000080000000, 0x0000000100000000)
  region size 1024K, 7 young (7168K), 7 survivors (7168K)
 Metaspace       used 149360K, committed 150464K, reserved 1179648K
  class space    used 20671K, committed 21248K, reserved 1048576K
}
Event: 4974.398 GC heap before
{Heap before GC invocations=120 (full 1):
 garbage-first heap   total 283648K, used 211332K [0x0000000080000000, 0x0000000100000000)
  region size 1024K, 119 young (121856K), 7 survivors (7168K)
 Metaspace       used 149768K, committed 150848K, reserved 1179648K
  class space    used 20704K, committed 21248K, reserved 1048576K
}
Event: 4974.406 GC heap after
{Heap after GC invocations=121 (full 1):
 garbage-first heap   total 283648K, used 108136K [0x0000000080000000, 0x0000000100000000)
  region size 1024K, 15 young (15360K), 15 survivors (15360K)
 Metaspace       used 149768K, committed 150848K, reserved 1179648K
  class space    used 20704K, committed 21248K, reserved 1048576K
}
Event: 5039.257 GC heap before
{Heap before GC invocations=122 (full 1):
 garbage-first heap   total 283648K, used 235112K [0x0000000080000000, 0x0000000100000000)
  region size 1024K, 118 young (120832K), 15 survivors (15360K)
 Metaspace       used 150061K, committed 151168K, reserved 1179648K
  class space    used 20747K, committed 21312K, reserved 1048576K
}
Event: 5039.265 GC heap after
{Heap after GC invocations=123 (full 1):
 garbage-first heap   total 283648K, used 114163K [0x0000000080000000, 0x0000000100000000)
  region size 1024K, 8 young (8192K), 8 survivors (8192K)
 Metaspace       used 150061K, committed 151168K, reserved 1179648K
  class space    used 20747K, committed 21312K, reserved 1048576K
}
Event: 5039.292 GC heap before
{Heap before GC invocations=123 (full 1):
 garbage-first heap   total 283648K, used 119283K [0x0000000080000000, 0x0000000100000000)
  region size 1024K, 13 young (13312K), 8 survivors (8192K)
 Metaspace       used 150086K, committed 151168K, reserved 1179648K
  class space    used 20754K, committed 21312K, reserved 1048576K
}
Event: 5039.295 GC heap after
{Heap after GC invocations=124 (full 1):
 garbage-first heap   total 283648K, used 115547K [0x0000000080000000, 0x0000000100000000)
  region size 1024K, 2 young (2048K), 2 survivors (2048K)
 Metaspace       used 150086K, committed 151168K, reserved 1179648K
  class space    used 20754K, committed 21312K, reserved 1048576K
}
Event: 5040.921 GC heap before
{Heap before GC invocations=124 (full 1):
 garbage-first heap   total 283648K, used 182107K [0x0000000080000000, 0x0000000100000000)
  region size 1024K, 69 young (70656K), 2 survivors (2048K)
 Metaspace       used 150537K, committed 151808K, reserved 1179648K
  class space    used 20849K, committed 21504K, reserved 1048576K
}
Event: 5040.924 GC heap after
{Heap after GC invocations=125 (full 1):
 garbage-first heap   total 283648K, used 117595K [0x0000000080000000, 0x0000000100000000)
  region size 1024K, 4 young (4096K), 4 survivors (4096K)
 Metaspace       used 150537K, committed 151808K, reserved 1179648K
  class space    used 20849K, committed 21504K, reserved 1048576K
}
Event: 5424.683 GC heap before
{Heap before GC invocations=126 (full 1):
 garbage-first heap   total 283648K, used 240475K [0x0000000080000000, 0x0000000100000000)
  region size 1024K, 106 young (108544K), 4 survivors (4096K)
 Metaspace       used 151280K, committed 152768K, reserved 1179648K
  class space    used 20980K, committed 21696K, reserved 1048576K
}
Event: 5424.692 GC heap after
{Heap after GC invocations=127 (full 1):
 garbage-first heap   total 283648K, used 124287K [0x0000000080000000, 0x0000000100000000)
  region size 1024K, 14 young (14336K), 14 survivors (14336K)
 Metaspace       used 151280K, committed 152768K, reserved 1179648K
  class space    used 20980K, committed 21696K, reserved 1048576K
}
Event: 5424.694 GC heap before
{Heap before GC invocations=127 (full 1):
 garbage-first heap   total 283648K, used 125311K [0x0000000080000000, 0x0000000100000000)
  region size 1024K, 15 young (15360K), 14 survivors (14336K)
 Metaspace       used 151280K, committed 152768K, reserved 1179648K
  class space    used 20980K, committed 21696K, reserved 1048576K
}
Event: 5424.700 GC heap after
{Heap after GC invocations=128 (full 1):
 garbage-first heap   total 283648K, used 118521K [0x0000000080000000, 0x0000000100000000)
  region size 1024K, 1 young (1024K), 1 survivors (1024K)
 Metaspace       used 151280K, committed 152768K, reserved 1179648K
  class space    used 20980K, committed 21696K, reserved 1048576K
}
Event: 5424.814 GC heap before
{Heap before GC invocations=128 (full 1):
 garbage-first heap   total 283648K, used 147193K [0x0000000080000000, 0x0000000100000000)
  region size 1024K, 31 young (31744K), 1 survivors (1024K)
 Metaspace       used 151331K, committed 152832K, reserved 1187840K
  class space    used 20980K, committed 21696K, reserved 1048576K
}
Event: 5424.817 GC heap after
{Heap after GC invocations=129 (full 1):
 garbage-first heap   total 283648K, used 118695K [0x0000000080000000, 0x0000000100000000)
  region size 1024K, 1 young (1024K), 1 survivors (1024K)
 Metaspace       used 151331K, committed 152832K, reserved 1187840K
  class space    used 20980K, committed 21696K, reserved 1048576K
}

