# JRE version: OpenJDK Runtime Environment (17.0.6) (build 17.0.6+0-b2043.56-10027231)
# Java VM: OpenJDK 64-Bit Server VM (17.0.6+0-b2043.56-10027231, mixed mode, tiered, compressed oops, compressed class ptrs, g1 gc, windows-amd64)
GC Precious Log:
 CPUs: 16 total, 16 available
 Memory: 15713M
 Large Page Support: Disabled
 NUMA Support: Disabled
 Compressed Oops: Enabled (32-bit)
 Heap Region Size: 1M
 Heap Min Capacity: 8M
 Heap Initial Capacity: 246M
 Heap Max Capacity: 2G
 Pre-touch: Disabled
 Parallel Workers: 13
 Concurrent Workers: 3
 Concurrent Refinement Workers: 13
 Periodic GC: Disabled
Heap:
 garbage-first heap   total 65536K, used 36732K [0x0000000080000000, 0x0000000100000000)
  region size 1024K, 17 young (17408K), 3 survivors (3072K)
 Metaspace       used 40373K, committed 40704K, reserved 1089536K
  class space    used 5346K, committed 5504K, reserved 1048576K
GC Heap History (14 events):
Event: 0.538 GC heap before
{Heap before GC invocations=0 (full 0):
 garbage-first heap   total 251904K, used 26624K [0x0000000080000000, 0x0000000100000000)
  region size 1024K, 23 young (23552K), 0 survivors (0K)
 Metaspace       used 10294K, committed 10496K, reserved 1064960K
  class space    used 1061K, committed 1152K, reserved 1048576K
}
Event: 0.541 GC heap after
{Heap after GC invocations=1 (full 0):
 garbage-first heap   total 251904K, used 10348K [0x0000000080000000, 0x0000000100000000)
  region size 1024K, 3 young (3072K), 3 survivors (3072K)
 Metaspace       used 10294K, committed 10496K, reserved 1064960K
  class space    used 1061K, committed 1152K, reserved 1048576K
}
Event: 0.858 GC heap before
{Heap before GC invocations=1 (full 0):
 garbage-first heap   total 251904K, used 41068K [0x0000000080000000, 0x0000000100000000)
  region size 1024K, 32 young (32768K), 3 survivors (3072K)
 Metaspace       used 11277K, committed 11520K, reserved 1064960K
  class space    used 1165K, committed 1280K, reserved 1048576K
}
Event: 0.861 GC heap after
{Heap after GC invocations=2 (full 0):
 garbage-first heap   total 251904K, used 13770K [0x0000000080000000, 0x0000000100000000)
  region size 1024K, 4 young (4096K), 4 survivors (4096K)
 Metaspace       used 11277K, committed 11520K, reserved 1064960K
  class space    used 1165K, committed 1280K, reserved 1048576K
}
Event: 1.542 GC heap before
{Heap before GC invocations=2 (full 0):
 garbage-first heap   total 251904K, used 53706K [0x0000000080000000, 0x0000000100000000)
  region size 1024K, 44 young (45056K), 4 survivors (4096K)
 Metaspace       used 21275K, committed 21504K, reserved 1073152K
  class space    used 2569K, committed 2688K, reserved 1048576K
}
Event: 1.546 GC heap after
{Heap after GC invocations=3 (full 0):
 garbage-first heap   total 251904K, used 18237K [0x0000000080000000, 0x0000000100000000)
  region size 1024K, 8 young (8192K), 8 survivors (8192K)
 Metaspace       used 21275K, committed 21504K, reserved 1073152K
  class space    used 2569K, committed 2688K, reserved 1048576K
}
Event: 1.890 GC heap before
{Heap before GC invocations=4 (full 0):
 garbage-first heap   total 65536K, used 48957K [0x0000000080000000, 0x0000000100000000)
  region size 1024K, 38 young (38912K), 8 survivors (8192K)
 Metaspace       used 26026K, committed 26304K, reserved 1073152K
  class space    used 3388K, committed 3520K, reserved 1048576K
}
Event: 1.893 GC heap after
{Heap after GC invocations=5 (full 0):
 garbage-first heap   total 65536K, used 20642K [0x0000000080000000, 0x0000000100000000)
  region size 1024K, 3 young (3072K), 3 survivors (3072K)
 Metaspace       used 26026K, committed 26304K, reserved 1073152K
  class space    used 3388K, committed 3520K, reserved 1048576K
}
Event: 2.167 GC heap before
{Heap before GC invocations=5 (full 0):
 garbage-first heap   total 65536K, used 45218K [0x0000000080000000, 0x0000000100000000)
  region size 1024K, 27 young (27648K), 3 survivors (3072K)
 Metaspace       used 29812K, committed 30144K, reserved 1081344K
  class space    used 4017K, committed 4160K, reserved 1048576K
}
Event: 2.169 GC heap after
{Heap after GC invocations=6 (full 0):
 garbage-first heap   total 65536K, used 21735K [0x0000000080000000, 0x0000000100000000)
  region size 1024K, 4 young (4096K), 4 survivors (4096K)
 Metaspace       used 29812K, committed 30144K, reserved 1081344K
  class space    used 4017K, committed 4160K, reserved 1048576K
}
Event: 2.455 GC heap before
{Heap before GC invocations=6 (full 0):
 garbage-first heap   total 65536K, used 47335K [0x0000000080000000, 0x0000000100000000)
  region size 1024K, 29 young (29696K), 4 survivors (4096K)
 Metaspace       used 33902K, committed 34240K, reserved 1081344K
  class space    used 4653K, committed 4800K, reserved 1048576K
}
Event: 2.457 GC heap after
{Heap after GC invocations=7 (full 0):
 garbage-first heap   total 65536K, used 23042K [0x0000000080000000, 0x0000000100000000)
  region size 1024K, 3 young (3072K), 3 survivors (3072K)
 Metaspace       used 33902K, committed 34240K, reserved 1081344K
  class space    used 4653K, committed 4800K, reserved 1048576K
}
Event: 2.572 GC heap before
{Heap before GC invocations=7 (full 0):
 garbage-first heap   total 65536K, used 31234K [0x0000000080000000, 0x0000000100000000)
  region size 1024K, 13 young (13312K), 3 survivors (3072K)
 Metaspace       used 35635K, committed 35968K, reserved 1081344K
  class space    used 4879K, committed 5056K, reserved 1048576K
}
Event: 2.574 GC heap after
{Heap after GC invocations=8 (full 0):
 garbage-first heap   total 65536K, used 24444K [0x0000000080000000, 0x0000000100000000)
  region size 1024K, 3 young (3072K), 3 survivors (3072K)
 Metaspace       used 35635K, committed 35968K, reserved 1081344K
  class space    used 4879K, committed 5056K, reserved 1048576K
}

